INFO:  latexindent.pl version 3.13, 2021-10-30, a script to indent .tex files
       latexindent.pl lives here: C:/Users/xueke/AppData/Local/Programs/MiKTeX/scripts/latexindent/
       Sun Nov 14 23:01:49 2021
       Filename: c:/Users/xueke/Workspace/Personal-Overview/chap/__latexindent_temp.tex
INFO:  Processing switches:
       -y|--yaml: YAML settings specified via command line
       -c|--cruft: cruft directory
INFO:  Directory for backup files and c:/Users/xueke/Workspace/Personal-Overview//indent.log: c:/Users/xueke/Workspace/Personal-Overview/
INFO:  Perl modules are being loaded from the following directories:
       C:/Users/xueke/scoop/apps/perl/current/perl/lib/FindBin.pm
       C:/Users/xueke/scoop/apps/perl/current/perl/vendor/lib/YAML/Tiny.pm
       C:/Users/xueke/scoop/apps/perl/current/perl/lib/File/Copy.pm
       C:/Users/xueke/scoop/apps/perl/current/perl/lib/File/Basename.pm
       C:/Users/xueke/scoop/apps/perl/current/perl/lib/Getopt/Long.pm
       C:/Users/xueke/scoop/apps/perl/current/perl/vendor/lib/File/HomeDir.pm
       C:/Users/xueke/scoop/apps/perl/current/perl/vendor/lib/Unicode/GCString.pm
INFO:  LatexIndent perl modules are being loaded from, for example:
       C:/Users/xueke/AppData/Local/Programs/MiKTeX/scripts/latexindent/LatexIndent/Document.pm
INFO:  YAML settings read: defaultSettings.yaml
       Reading defaultSettings.yaml from C:/Users/xueke/AppData/Local/Programs/MiKTeX/scripts/latexindent/defaultSettings.yaml
INFO:  YAML settings read: indentconfig.yaml or .indentconfig.yaml
       Home directory is C:\Users\xueke (didn't find either indentconfig.yaml or .indentconfig.yaml)
       To specify user settings you would put indentconfig.yaml here: C:\Users\xueke/indentconfig.yaml
       Alternatively, you can use the hidden file .indentconfig.yaml as: C:\Users\xueke/.indentconfig.yaml
INFO:  YAML settings read: -y switch
       YAML setting: defaultIndent:'    '
       Updating mainSettings with defaultIndent:     
INFO:  Phase 1: searching for objects
INFO:  Phase 2: finding surrounding indentation
INFO:  Phase 3: indenting objects
INFO:  Phase 4: final indentation check
INFO:  Output routine:
       Not outputting to file; see -w and -o switches for more options.
       --------------
INFO:  Please direct all communication/issues to:
        https://github.com/cmhughes/latexindent.pl
